This file contains any messages produced by compilers while
running configure, to aid debugging if configure makes a mistake.

It was created by wireway configure 0.0.1, which was
generated by GNU Autoconf 2.69.  Invocation command line was

  $ ../configure 

## --------- ##
## Platform. ##
## --------- ##

hostname = ubuntu
uname -m = x86_64
uname -r = 3.16.0-30-generic
uname -s = Linux
uname -v = #40~14.04.1-Ubuntu SMP Thu Jan 15 17:43:14 UTC 2015

/usr/bin/uname -p = unknown
/bin/uname -X     = unknown

/bin/arch              = unknown
/usr/bin/arch -k       = unknown
/usr/convex/getsysinfo = unknown
/usr/bin/hostinfo      = unknown
/bin/machine           = unknown
/usr/bin/oslevel       = unknown
/bin/universe          = unknown

PATH: /usr/local/sbin
PATH: /usr/local/bin
PATH: /usr/sbin
PATH: /usr/bin
PATH: /sbin
PATH: /bin
PATH: /usr/games
PATH: /usr/local/games


## ----------- ##
## Core tests. ##
## ----------- ##

configure:2075: checking for a BSD-compatible install
configure:2143: result: /usr/bin/install -c
configure:2154: checking whether build environment is sane
configure:2209: result: yes
configure:2360: checking for a thread-safe mkdir -p
configure:2399: result: /bin/mkdir -p
configure:2406: checking for gawk
configure:2436: result: no
configure:2406: checking for mawk
configure:2422: found /usr/bin/mawk
configure:2433: result: mawk
configure:2444: checking whether make sets $(MAKE)
configure:2466: result: yes
configure:2495: checking whether make supports nested variables
configure:2512: result: yes
configure:2690: checking for gcc
configure:2706: found /usr/bin/gcc
configure:2717: result: gcc
configure:2946: checking for C compiler version
configure:2955: gcc --version >&5
gcc (Ubuntu 4.8.2-19ubuntu1) 4.8.2
Copyright (C) 2013 Free Software Foundation, Inc.
This is free software; see the source for copying conditions.  There is NO
warranty; not even for MERCHANTABILITY or FITNESS FOR A PARTICULAR PURPOSE.

configure:2966: $? = 0
configure:2955: gcc -v >&5
Using built-in specs.
COLLECT_GCC=gcc
COLLECT_LTO_WRAPPER=/usr/lib/gcc/x86_64-linux-gnu/4.8/lto-wrapper
Target: x86_64-linux-gnu
Configured with: ../src/configure -v --with-pkgversion='Ubuntu 4.8.2-19ubuntu1' --with-bugurl=file:///usr/share/doc/gcc-4.8/README.Bugs --enable-languages=c,c++,java,go,d,fortran,objc,obj-c++ --prefix=/usr --program-suffix=-4.8 --enable-shared --enable-linker-build-id --libexecdir=/usr/lib --without-included-gettext --enable-threads=posix --with-gxx-include-dir=/usr/include/c++/4.8 --libdir=/usr/lib --enable-nls --with-sysroot=/ --enable-clocale=gnu --enable-libstdcxx-debug --enable-libstdcxx-time=yes --enable-gnu-unique-object --disable-libmudflap --enable-plugin --with-system-zlib --disable-browser-plugin --enable-java-awt=gtk --enable-gtk-cairo --with-java-home=/usr/lib/jvm/java-1.5.0-gcj-4.8-amd64/jre --enable-java-home --with-jvm-root-dir=/usr/lib/jvm/java-1.5.0-gcj-4.8-amd64 --with-jvm-jar-dir=/usr/lib/jvm-exports/java-1.5.0-gcj-4.8-amd64 --with-arch-directory=amd64 --with-ecj-jar=/usr/share/java/eclipse-ecj.jar --enable-objc-gc --enable-multiarch --disable-werror --with-arch-32=i686 --with-abi=m64 --with-multilib-list=m32,m64,mx32 --with-tune=generic --enable-checking=release --build=x86_64-linux-gnu --host=x86_64-linux-gnu --target=x86_64-linux-gnu
Thread model: posix
gcc version 4.8.2 (Ubuntu 4.8.2-19ubuntu1) 
configure:2966: $? = 0
configure:2955: gcc -V >&5
gcc: error: unrecognized command line option '-V'
gcc: fatal error: no input files
compilation terminated.
configure:2966: $? = 4
configure:2955: gcc -qversion >&5
gcc: error: unrecognized command line option '-qversion'
gcc: fatal error: no input files
compilation terminated.
configure:2966: $? = 4
configure:2986: checking whether the C compiler works
configure:3008: gcc    conftest.c  >&5
configure:3012: $? = 0
configure:3060: result: yes
configure:3063: checking for C compiler default output file name
configure:3065: result: a.out
configure:3071: checking for suffix of executables
configure:3078: gcc -o conftest    conftest.c  >&5
configure:3082: $? = 0
configure:3104: result: 
configure:3126: checking whether we are cross compiling
configure:3134: gcc -o conftest    conftest.c  >&5
configure:3138: $? = 0
configure:3145: ./conftest
configure:3149: $? = 0
configure:3164: result: no
configure:3169: checking for suffix of object files
configure:3191: gcc -c   conftest.c >&5
configure:3195: $? = 0
configure:3216: result: o
configure:3220: checking whether we are using the GNU C compiler
configure:3239: gcc -c   conftest.c >&5
configure:3239: $? = 0
configure:3248: result: yes
configure:3257: checking whether gcc accepts -g
configure:3277: gcc -c -g  conftest.c >&5
configure:3277: $? = 0
configure:3318: result: yes
configure:3335: checking for gcc option to accept ISO C89
configure:3398: gcc  -c -g -O2  conftest.c >&5
configure:3398: $? = 0
configure:3411: result: none needed
configure:3436: checking whether gcc understands -c and -o together
configure:3458: gcc -c conftest.c -o conftest2.o
configure:3461: $? = 0
configure:3458: gcc -c conftest.c -o conftest2.o
configure:3461: $? = 0
configure:3473: result: yes
configure:3501: checking for style of include used by make
configure:3529: result: GNU
configure:3555: checking dependency style of gcc
configure:3666: result: gcc3
configure:3685: checking for gcc option to accept ISO C99
configure:3834: gcc  -c -g -O2  conftest.c >&5
conftest.c:61:29: error: expected ';', ',' or ')' before 'text'
 test_restrict (ccp restrict text)
                             ^
conftest.c: In function 'main':
conftest.c:115:18: error: expected '=', ',', ';', 'asm' or '__attribute__' before 'newvar'
   char *restrict newvar = "Another string";
                  ^
conftest.c:115:18: error: 'newvar' undeclared (first use in this function)
conftest.c:115:18: note: each undeclared identifier is reported only once for each function it appears in
conftest.c:125:3: error: 'for' loop initial declarations are only allowed in C99 mode
   for (int i = 0; i < ia->datasize; ++i)
   ^
conftest.c:125:3: note: use option -std=c99 or -std=gnu99 to compile your code
configure:3834: $? = 1
configure: failed program was:
| /* confdefs.h */
| #define PACKAGE_NAME "wireway"
| #define PACKAGE_TARNAME "wireway"
| #define PACKAGE_VERSION "0.0.1"
| #define PACKAGE_STRING "wireway 0.0.1"
| #define PACKAGE_BUGREPORT "lijiyong0303@163.com"
| #define PACKAGE_URL ""
| #define PACKAGE "wireway"
| #define VERSION "0.0.1"
| /* end confdefs.h.  */
| #include <stdarg.h>
| #include <stdbool.h>
| #include <stdlib.h>
| #include <wchar.h>
| #include <stdio.h>
| 
| // Check varargs macros.  These examples are taken from C99 6.10.3.5.
| #define debug(...) fprintf (stderr, __VA_ARGS__)
| #define showlist(...) puts (#__VA_ARGS__)
| #define report(test,...) ((test) ? puts (#test) : printf (__VA_ARGS__))
| static void
| test_varargs_macros (void)
| {
|   int x = 1234;
|   int y = 5678;
|   debug ("Flag");
|   debug ("X = %d\n", x);
|   showlist (The first, second, and third items.);
|   report (x>y, "x is %d but y is %d", x, y);
| }
| 
| // Check long long types.
| #define BIG64 18446744073709551615ull
| #define BIG32 4294967295ul
| #define BIG_OK (BIG64 / BIG32 == 4294967297ull && BIG64 % BIG32 == 0)
| #if !BIG_OK
|   your preprocessor is broken;
| #endif
| #if BIG_OK
| #else
|   your preprocessor is broken;
| #endif
| static long long int bignum = -9223372036854775807LL;
| static unsigned long long int ubignum = BIG64;
| 
| struct incomplete_array
| {
|   int datasize;
|   double data[];
| };
| 
| struct named_init {
|   int number;
|   const wchar_t *name;
|   double average;
| };
| 
| typedef const char *ccp;
| 
| static inline int
| test_restrict (ccp restrict text)
| {
|   // See if C++-style comments work.
|   // Iterate through items via the restricted pointer.
|   // Also check for declarations in for loops.
|   for (unsigned int i = 0; *(text+i) != '\0'; ++i)
|     continue;
|   return 0;
| }
| 
| // Check varargs and va_copy.
| static void
| test_varargs (const char *format, ...)
| {
|   va_list args;
|   va_start (args, format);
|   va_list args_copy;
|   va_copy (args_copy, args);
| 
|   const char *str;
|   int number;
|   float fnumber;
| 
|   while (*format)
|     {
|       switch (*format++)
| 	{
| 	case 's': // string
| 	  str = va_arg (args_copy, const char *);
| 	  break;
| 	case 'd': // int
| 	  number = va_arg (args_copy, int);
| 	  break;
| 	case 'f': // float
| 	  fnumber = va_arg (args_copy, double);
| 	  break;
| 	default:
| 	  break;
| 	}
|     }
|   va_end (args_copy);
|   va_end (args);
| }
| 
| int
| main ()
| {
| 
|   // Check bool.
|   _Bool success = false;
| 
|   // Check restrict.
|   if (test_restrict ("String literal") == 0)
|     success = true;
|   char *restrict newvar = "Another string";
| 
|   // Check varargs.
|   test_varargs ("s, d' f .", "string", 65, 34.234);
|   test_varargs_macros ();
| 
|   // Check flexible array members.
|   struct incomplete_array *ia =
|     malloc (sizeof (struct incomplete_array) + (sizeof (double) * 10));
|   ia->datasize = 10;
|   for (int i = 0; i < ia->datasize; ++i)
|     ia->data[i] = i * 1.234;
| 
|   // Check named initializers.
|   struct named_init ni = {
|     .number = 34,
|     .name = L"Test wide string",
|     .average = 543.34343,
|   };
| 
|   ni.number = 58;
| 
|   int dynamic_array[ni.number];
|   dynamic_array[ni.number - 1] = 543;
| 
|   // work around unused variable warnings
|   return (!success || bignum == 0LL || ubignum == 0uLL || newvar[0] == 'x'
| 	  || dynamic_array[ni.number - 1] != 543);
| 
|   ;
|   return 0;
| }
configure:3834: gcc -std=gnu99 -c -g -O2  conftest.c >&5
configure:3834: $? = 0
configure:3854: result: -std=gnu99
configure:3955: checking for gcc -std=gnu99 option to accept ISO Standard C
configure:3969: result: -std=gnu99
configure:3983: checking how to run the C preprocessor
configure:4014: gcc -std=gnu99 -E  conftest.c
configure:4014: $? = 0
configure:4028: gcc -std=gnu99 -E  conftest.c
conftest.c:11:28: fatal error: ac_nonexistent.h: No such file or directory
 #include <ac_nonexistent.h>
                            ^
compilation terminated.
configure:4028: $? = 1
configure: failed program was:
| /* confdefs.h */
| #define PACKAGE_NAME "wireway"
| #define PACKAGE_TARNAME "wireway"
| #define PACKAGE_VERSION "0.0.1"
| #define PACKAGE_STRING "wireway 0.0.1"
| #define PACKAGE_BUGREPORT "lijiyong0303@163.com"
| #define PACKAGE_URL ""
| #define PACKAGE "wireway"
| #define VERSION "0.0.1"
| /* end confdefs.h.  */
| #include <ac_nonexistent.h>
configure:4053: result: gcc -std=gnu99 -E
configure:4073: gcc -std=gnu99 -E  conftest.c
configure:4073: $? = 0
configure:4087: gcc -std=gnu99 -E  conftest.c
conftest.c:11:28: fatal error: ac_nonexistent.h: No such file or directory
 #include <ac_nonexistent.h>
                            ^
compilation terminated.
configure:4087: $? = 1
configure: failed program was:
| /* confdefs.h */
| #define PACKAGE_NAME "wireway"
| #define PACKAGE_TARNAME "wireway"
| #define PACKAGE_VERSION "0.0.1"
| #define PACKAGE_STRING "wireway 0.0.1"
| #define PACKAGE_BUGREPORT "lijiyong0303@163.com"
| #define PACKAGE_URL ""
| #define PACKAGE "wireway"
| #define VERSION "0.0.1"
| /* end confdefs.h.  */
| #include <ac_nonexistent.h>
configure:4116: checking for grep that handles long lines and -e
configure:4174: result: /bin/grep
configure:4179: checking for egrep
configure:4241: result: /bin/grep -E
configure:4246: checking for ANSI C header files
configure:4266: gcc -std=gnu99 -c -g -O2  conftest.c >&5
configure:4266: $? = 0
configure:4339: gcc -std=gnu99 -o conftest -g -O2   conftest.c  >&5
configure:4339: $? = 0
configure:4339: ./conftest
configure:4339: $? = 0
configure:4350: result: yes
configure:4363: checking for sys/types.h
configure:4363: gcc -std=gnu99 -c -g -O2  conftest.c >&5
configure:4363: $? = 0
configure:4363: result: yes
configure:4363: checking for sys/stat.h
configure:4363: gcc -std=gnu99 -c -g -O2  conftest.c >&5
configure:4363: $? = 0
configure:4363: result: yes
configure:4363: checking for stdlib.h
configure:4363: gcc -std=gnu99 -c -g -O2  conftest.c >&5
configure:4363: $? = 0
configure:4363: result: yes
configure:4363: checking for string.h
configure:4363: gcc -std=gnu99 -c -g -O2  conftest.c >&5
configure:4363: $? = 0
configure:4363: result: yes
configure:4363: checking for memory.h
configure:4363: gcc -std=gnu99 -c -g -O2  conftest.c >&5
configure:4363: $? = 0
configure:4363: result: yes
configure:4363: checking for strings.h
configure:4363: gcc -std=gnu99 -c -g -O2  conftest.c >&5
configure:4363: $? = 0
configure:4363: result: yes
configure:4363: checking for inttypes.h
configure:4363: gcc -std=gnu99 -c -g -O2  conftest.c >&5
configure:4363: $? = 0
configure:4363: result: yes
configure:4363: checking for stdint.h
configure:4363: gcc -std=gnu99 -c -g -O2  conftest.c >&5
configure:4363: $? = 0
configure:4363: result: yes
configure:4363: checking for unistd.h
configure:4363: gcc -std=gnu99 -c -g -O2  conftest.c >&5
configure:4363: $? = 0
configure:4363: result: yes
configure:4378: checking for stdlib.h
configure:4378: result: yes
configure:4378: checking for string.h
configure:4378: result: yes
configure:4394: checking for stdlib.h
configure:4394: result: yes
configure:4404: checking for GNU libc compatible malloc
configure:4428: gcc -std=gnu99 -o conftest -g -O2   conftest.c  >&5
configure:4428: $? = 0
configure:4428: ./conftest
configure:4428: $? = 0
configure:4438: result: yes
configure:4573: checking that generated files are newer than configure
configure:4579: result: done
configure:4602: creating ./config.status

## ---------------------- ##
## Running config.status. ##
## ---------------------- ##

This file was extended by wireway config.status 0.0.1, which was
generated by GNU Autoconf 2.69.  Invocation command line was

  CONFIG_FILES    = 
  CONFIG_HEADERS  = 
  CONFIG_LINKS    = 
  CONFIG_COMMANDS = 
  $ ./config.status 

on ubuntu

config.status:856: creating Makefile
config.status:856: creating config.h
config.status:1022: config.h is unchanged
config.status:1070: executing depfiles commands

## ---------------- ##
## Cache variables. ##
## ---------------- ##

ac_cv_c_compiler_gnu=yes
ac_cv_env_CC_set=
ac_cv_env_CC_value=
ac_cv_env_CFLAGS_set=
ac_cv_env_CFLAGS_value=
ac_cv_env_CPPFLAGS_set=
ac_cv_env_CPPFLAGS_value=
ac_cv_env_CPP_set=
ac_cv_env_CPP_value=
ac_cv_env_LDFLAGS_set=
ac_cv_env_LDFLAGS_value=
ac_cv_env_LIBS_set=
ac_cv_env_LIBS_value=
ac_cv_env_build_alias_set=
ac_cv_env_build_alias_value=
ac_cv_env_host_alias_set=
ac_cv_env_host_alias_value=
ac_cv_env_target_alias_set=
ac_cv_env_target_alias_value=
ac_cv_func_malloc_0_nonnull=yes
ac_cv_header_inttypes_h=yes
ac_cv_header_memory_h=yes
ac_cv_header_stdc=yes
ac_cv_header_stdint_h=yes
ac_cv_header_stdlib_h=yes
ac_cv_header_string_h=yes
ac_cv_header_strings_h=yes
ac_cv_header_sys_stat_h=yes
ac_cv_header_sys_types_h=yes
ac_cv_header_unistd_h=yes
ac_cv_objext=o
ac_cv_path_EGREP='/bin/grep -E'
ac_cv_path_GREP=/bin/grep
ac_cv_path_install='/usr/bin/install -c'
ac_cv_path_mkdir=/bin/mkdir
ac_cv_prog_AWK=mawk
ac_cv_prog_CPP='gcc -std=gnu99 -E'
ac_cv_prog_ac_ct_CC=gcc
ac_cv_prog_cc_c89=
ac_cv_prog_cc_c99=-std=gnu99
ac_cv_prog_cc_g=yes
ac_cv_prog_cc_stdc=-std=gnu99
ac_cv_prog_make_make_set=yes
am_cv_CC_dependencies_compiler_type=gcc3
am_cv_make_support_nested_variables=yes
am_cv_prog_cc_c_o=yes

## ----------------- ##
## Output variables. ##
## ----------------- ##

ACLOCAL='${SHELL} /home/lixiao1/Wireway-test/missing aclocal-1.14'
AMDEPBACKSLASH='\'
AMDEP_FALSE='#'
AMDEP_TRUE=''
AMTAR='$${TAR-tar}'
AM_BACKSLASH='\'
AM_DEFAULT_V='$(AM_DEFAULT_VERBOSITY)'
AM_DEFAULT_VERBOSITY='1'
AM_V='$(V)'
AUTOCONF='${SHELL} /home/lixiao1/Wireway-test/missing autoconf'
AUTOHEADER='${SHELL} /home/lixiao1/Wireway-test/missing autoheader'
AUTOMAKE='${SHELL} /home/lixiao1/Wireway-test/missing automake-1.14'
AWK='mawk'
CC='gcc -std=gnu99'
CCDEPMODE='depmode=gcc3'
CFLAGS='-g -O2'
CPP='gcc -std=gnu99 -E'
CPPFLAGS=''
CYGPATH_W='echo'
DEFS='-DHAVE_CONFIG_H'
DEPDIR='.deps'
ECHO_C=''
ECHO_N='-n'
ECHO_T=''
EGREP='/bin/grep -E'
EXEEXT=''
GREP='/bin/grep'
INSTALL_DATA='${INSTALL} -m 644'
INSTALL_PROGRAM='${INSTALL}'
INSTALL_SCRIPT='${INSTALL}'
INSTALL_STRIP_PROGRAM='$(install_sh) -c -s'
LDFLAGS=''
LIBOBJS=''
LIBS=''
LTLIBOBJS=''
MAKEINFO='${SHELL} /home/lixiao1/Wireway-test/missing makeinfo'
MKDIR_P='/bin/mkdir -p'
OBJEXT='o'
PACKAGE='wireway'
PACKAGE_BUGREPORT='lijiyong0303@163.com'
PACKAGE_NAME='wireway'
PACKAGE_STRING='wireway 0.0.1'
PACKAGE_TARNAME='wireway'
PACKAGE_URL=''
PACKAGE_VERSION='0.0.1'
PATH_SEPARATOR=':'
SET_MAKE=''
SHELL='/bin/bash'
STRIP=''
VERSION='0.0.1'
ac_ct_CC='gcc'
am__EXEEXT_FALSE=''
am__EXEEXT_TRUE='#'
am__fastdepCC_FALSE='#'
am__fastdepCC_TRUE=''
am__include='include'
am__isrc=' -I$(srcdir)'
am__leading_dot='.'
am__nodep='_no'
am__quote=''
am__tar='$${TAR-tar} chof - "$$tardir"'
am__untar='$${TAR-tar} xf -'
bindir='${exec_prefix}/bin'
build_alias=''
datadir='${datarootdir}'
datarootdir='${prefix}/share'
docdir='${datarootdir}/doc/${PACKAGE_TARNAME}'
dvidir='${docdir}'
exec_prefix='${prefix}'
host_alias=''
htmldir='${docdir}'
includedir='${prefix}/include'
infodir='${datarootdir}/info'
install_sh='${SHELL} /home/lixiao1/Wireway-test/install-sh'
libdir='${exec_prefix}/lib'
libexecdir='${exec_prefix}/libexec'
localedir='${datarootdir}/locale'
localstatedir='${prefix}/var'
mandir='${datarootdir}/man'
mkdir_p='$(MKDIR_P)'
oldincludedir='/usr/include'
pdfdir='${docdir}'
prefix='/usr/local'
program_transform_name='s,x,x,'
psdir='${docdir}'
sbindir='${exec_prefix}/sbin'
sharedstatedir='${prefix}/com'
sysconfdir='${prefix}/etc'
target_alias=''

## ----------- ##
## confdefs.h. ##
## ----------- ##

/* confdefs.h */
#define PACKAGE_NAME "wireway"
#define PACKAGE_TARNAME "wireway"
#define PACKAGE_VERSION "0.0.1"
#define PACKAGE_STRING "wireway 0.0.1"
#define PACKAGE_BUGREPORT "lijiyong0303@163.com"
#define PACKAGE_URL ""
#define PACKAGE "wireway"
#define VERSION "0.0.1"
#define STDC_HEADERS 1
#define HAVE_SYS_TYPES_H 1
#define HAVE_SYS_STAT_H 1
#define HAVE_STDLIB_H 1
#define HAVE_STRING_H 1
#define HAVE_MEMORY_H 1
#define HAVE_STRINGS_H 1
#define HAVE_INTTYPES_H 1
#define HAVE_STDINT_H 1
#define HAVE_UNISTD_H 1
#define HAVE_STDLIB_H 1
#define HAVE_STRING_H 1
#define HAVE_STDLIB_H 1
#define HAVE_MALLOC 1

configure: exit 0

## ---------------------- ##
## Running config.status. ##
## ---------------------- ##

This file was extended by wireway config.status 0.0.1, which was
generated by GNU Autoconf 2.69.  Invocation command line was

  CONFIG_FILES    = 
  CONFIG_HEADERS  = 
  CONFIG_LINKS    = 
  CONFIG_COMMANDS = 
  $ ./config.status Makefile depfiles

on ubuntu

config.status:856: creating Makefile
config.status:1070: executing depfiles commands
